<?xml version="1.0" encoding="UTF-8"?>
<testsuite name="me.dio.sdw24.application.ListChampionsUseCaseInegrationTest" tests="1" skipped="0" failures="0" errors="0" timestamp="2024-03-26T00:57:40" hostname="DESKTOP-ATVEHSP" time="1.167">
  <properties/>
  <testcase name="testListChampions()" classname="me.dio.sdw24.application.ListChampionsUseCaseInegrationTest" time="1.167"/>
  <system-out><![CDATA[21:57:36.792 [Test worker] INFO org.springframework.test.context.support.AnnotationConfigContextLoaderUtils -- Could not detect default configuration classes for test class [me.dio.sdw24.application.ListChampionsUseCaseInegrationTest]: ListChampionsUseCaseInegrationTest does not declare any static, non-private, non-final, nested classes annotated with @Configuration.
21:57:36.942 [Test worker] INFO org.springframework.boot.test.context.SpringBootTestContextBootstrapper -- Found @SpringBootConfiguration me.dio.sdw24.Application for test class me.dio.sdw24.application.ListChampionsUseCaseInegrationTest

  .   ____          _            __ _ _
 /\\ / ___'_ __ _ _(_)_ __  __ _ \ \ \ \
( ( )\___ | '_ | '_| | '_ \/ _` | \ \ \ \
 \\/  ___)| |_)| | | | | || (_| |  ) ) ) )
  '  |____| .__|_| |_|_| |_\__, | / / / /
 =========|_|==============|___/=/_/_/_/
 :: Spring Boot ::                (v3.2.4)

2024-03-25T21:57:37.632-03:00  INFO 6272 --- [santander-dev-week-2024] [    Test worker] d.s.a.ListChampionsUseCaseInegrationTest : Starting ListChampionsUseCaseInegrationTest using Java 21.0.2 with PID 6272 (started by Felipe in C:\Users\Felipe\Documents\Projetos Java\Santander Dev Week\santander-dev-week-2024)
2024-03-25T21:57:37.634-03:00  INFO 6272 --- [santander-dev-week-2024] [    Test worker] d.s.a.ListChampionsUseCaseInegrationTest : No active profile set, falling back to 1 default profile: "default"
2024-03-25T21:57:38.600-03:00  INFO 6272 --- [santander-dev-week-2024] [    Test worker] .s.d.r.c.RepositoryConfigurationDelegate : Bootstrapping Spring Data JDBC repositories in DEFAULT mode.
2024-03-25T21:57:38.626-03:00  INFO 6272 --- [santander-dev-week-2024] [    Test worker] .s.d.r.c.RepositoryConfigurationDelegate : Finished Spring Data repository scanning in 19 ms. Found 0 JDBC repository interfaces.
2024-03-25T21:57:38.902-03:00  INFO 6272 --- [santander-dev-week-2024] [    Test worker] o.s.cloud.context.scope.GenericScope     : BeanFactory id=506a9b1e-4c61-3fba-90f7-6c4f557d98c4
2024-03-25T21:57:39.230-03:00  INFO 6272 --- [santander-dev-week-2024] [    Test worker] com.zaxxer.hikari.HikariDataSource       : HikariPool-1 - Starting...
2024-03-25T21:57:39.506-03:00  INFO 6272 --- [santander-dev-week-2024] [    Test worker] com.zaxxer.hikari.pool.HikariPool        : HikariPool-1 - Added connection conn0: url=jdbc:h2:mem:sdw2024 user=SA
2024-03-25T21:57:39.508-03:00  INFO 6272 --- [santander-dev-week-2024] [    Test worker] com.zaxxer.hikari.HikariDataSource       : HikariPool-1 - Start completed.
2024-03-25T21:57:40.555-03:00  INFO 6272 --- [santander-dev-week-2024] [    Test worker] o.s.b.a.h2.H2ConsoleAutoConfiguration    : H2 console available at '/h2-console'. Database available at 'jdbc:h2:mem:sdw2024'
2024-03-25T21:57:40.705-03:00  INFO 6272 --- [santander-dev-week-2024] [    Test worker] d.s.a.ListChampionsUseCaseInegrationTest : Started ListChampionsUseCaseInegrationTest in 3.523 seconds (process running for 5.178)
]]></system-out>
  <system-err><![CDATA[WARNING: A Java agent has been loaded dynamically (C:\Users\Felipe\.gradle\caches\modules-2\files-2.1\net.bytebuddy\byte-buddy-agent\1.14.12\be4984cb6fd1ef1d11f218a648889dfda44b8a15\byte-buddy-agent-1.14.12.jar)
WARNING: If a serviceability tool is in use, please run with -XX:+EnableDynamicAgentLoading to hide this warning
WARNING: If a serviceability tool is not in use, please run with -Djdk.instrument.traceUsage for more information
WARNING: Dynamic loading of agents will be disallowed by default in a future release
]]></system-err>
</testsuite>
